<?xml version="1.0" encoding="UTF-8"?>
<!-- Generated by org.testng.reporters.JUnitReportReporter -->
<testsuite hostname="DESKTOP-NQ1KCMR" failures="0" tests="1" name="testscript.AdminTest" time="4.055" errors="0" timestamp="2025-09-07T07:03:11 IST" skipped="0">
  <testcase classname="testscript.AdminTest" name="verifyUserisabletoAddNewUser" time="4.055"/>
</testsuite> <!-- testscript.AdminTest -->
