<?xml version="1.0" encoding="UTF-8"?>
<!-- Generated by org.testng.reporters.JUnitReportReporter -->
<testsuite hostname="DESKTOP-NQ1KCMR" failures="0" tests="2" name="testscript.LoginTest" time="5.608" errors="0" timestamp="2025-09-18T11:19:59 IST" skipped="0">
  <testcase classname="testscript.LoginTest" name="verifyUserLoginWithInvalidCredentials" time="3.488"/>
  <testcase classname="testscript.LoginTest" name="verifyUserLoginWithInvalidCredentials" time="2.120"/>
</testsuite> <!-- testscript.LoginTest -->
