<?xml version="1.0" encoding="UTF-8"?>
<!-- Generated by org.testng.reporters.JUnitReportReporter -->
<testsuite hostname="DESKTOP-NQ1KCMR" failures="0" tests="1" name="testscript.HomeTest" time="2.178" errors="0" timestamp="2025-09-15T15:07:09 IST" skipped="0">
  <testcase classname="testscript.HomeTest" name="verifyUserisabletoLogout" time="2.178"/>
</testsuite> <!-- testscript.HomeTest -->
