<?xml version="1.0" encoding="UTF-8"?>
<!-- Generated by org.testng.reporters.JUnitReportReporter -->
<testsuite hostname="DESKTOP-NQ1KCMR" failures="0" tests="1" name="testscript.AdminTest" time="3.415" errors="0" timestamp="2025-09-01T16:01:32 IST" skipped="0">
  <testcase classname="testscript.AdminTest" name="verifyUserisabletoSearchNewUser" time="3.415"/>
</testsuite> <!-- testscript.AdminTest -->
