<?xml version="1.0" encoding="UTF-8"?>
<!-- Generated by org.testng.reporters.JUnitReportReporter -->
<testsuite hostname="DESKTOP-NQ1KCMR" failures="0" tests="1" name="testscript.LoginTest" time="4.110" errors="0" timestamp="2025-09-01T03:05:33 IST" skipped="0">
  <testcase classname="testscript.LoginTest" name="verifyUserLoginWithInvalidCredentials" time="4.110"/>
</testsuite> <!-- testscript.LoginTest -->
