<?xml version="1.0" encoding="UTF-8"?>
<!-- Generated by org.testng.reporters.JUnitReportReporter -->
<testsuite hostname="DESKTOP-NQ1KCMR" failures="0" tests="3" name="testscript.LoginTest" time="7.229" errors="0" timestamp="2025-09-07T04:17:34 IST" skipped="0">
  <testcase classname="testscript.LoginTest" name="verifyUserLoginWithValidCredential" time="2.746"/>
  <testcase classname="testscript.LoginTest" name="verifyUserLoginWithInvalidUsernameandValidPassword" time="2.091"/>
  <testcase classname="testscript.LoginTest" name="verifyUserLoginWithInvalidCredentials" time="2.392"/>
</testsuite> <!-- testscript.LoginTest -->
