<?xml version="1.0" encoding="UTF-8"?>
<!-- Generated by org.testng.reporters.JUnitReportReporter -->
<testsuite hostname="DESKTOP-NQ1KCMR" failures="0" tests="1" name="testscript.AdminTest" time="6.117" errors="0" timestamp="2025-09-07T18:01:34 IST" skipped="0">
  <testcase classname="testscript.AdminTest" name="verifyUserisabletoAddNewUser" time="6.117"/>
</testsuite> <!-- testscript.AdminTest -->
