<?xml version="1.0" encoding="UTF-8"?>
<!-- Generated by org.testng.reporters.JUnitReportReporter -->
<testsuite hostname="DESKTOP-NQ1KCMR" failures="0" tests="1" name="testscript.LoginTest" time="2.773" errors="0" timestamp="2025-09-02T13:58:42 IST" skipped="0">
  <testcase classname="testscript.LoginTest" name="verifyUserLoginWithInvalidCredentials" time="2.773"/>
</testsuite> <!-- testscript.LoginTest -->
