<?xml version="1.0" encoding="UTF-8"?>
<!-- Generated by org.testng.reporters.JUnitReportReporter -->
<testsuite hostname="DESKTOP-NQ1KCMR" failures="0" tests="1" name="testscript.HomeTest" time="2.860" errors="0" timestamp="2025-09-01T15:34:27 IST" skipped="0">
  <testcase classname="testscript.HomeTest" name="verifyUserisabletoLogout" time="2.860"/>
</testsuite> <!-- testscript.HomeTest -->
