<?xml version="1.0" encoding="UTF-8"?>
<!-- Generated by org.testng.reporters.JUnitReportReporter -->
<testsuite hostname="DESKTOP-NQ1KCMR" failures="0" tests="1" name="testscript.AdminTest" time="4.963" errors="0" timestamp="2025-09-02T14:11:59 IST" skipped="0">
  <testcase classname="testscript.AdminTest" name="verifyUserisabletoSearchNewUser" time="4.963"/>
</testsuite> <!-- testscript.AdminTest -->
