<?xml version="1.0" encoding="UTF-8"?>
<!-- Generated by org.testng.reporters.JUnitReportReporter -->
<testsuite hostname="DESKTOP-NQ1KCMR" failures="0" tests="2" name="testscript.AdminTest" time="5.454" errors="0" timestamp="2025-09-15T15:07:09 IST" skipped="0">
  <testcase classname="testscript.AdminTest" name="verifyUserisabletoAddNewUser" time="2.948"/>
  <testcase classname="testscript.AdminTest" name="verifyUserisabletoSearchNewUser" time="2.506"/>
</testsuite> <!-- testscript.AdminTest -->
