<?xml version="1.0" encoding="UTF-8"?>
<!-- Generated by org.testng.reporters.JUnitReportReporter -->
<testsuite hostname="DESKTOP-NQ1KCMR" failures="0" tests="1" name="testscript.AdminPage" time="4.711" errors="0" timestamp="2025-09-01T13:52:53 IST" skipped="0">
  <testcase classname="testscript.AdminPage" name="verifyUserisabletoAddNewUser" time="4.711"/>
</testsuite> <!-- testscript.AdminPage -->
