<?xml version="1.0" encoding="UTF-8"?>
<!-- Generated by org.testng.reporters.JUnitReportReporter -->
<testsuite hostname="DESKTOP-NQ1KCMR" failures="0" tests="1" name="testscript.HomePage" time="3.437" errors="0" timestamp="2025-09-01T08:55:05 IST" skipped="0">
  <testcase classname="testscript.HomePage" name="verifyUserisabletoLogout" time="3.437"/>
</testsuite> <!-- testscript.HomePage -->
