<?xml version="1.0" encoding="UTF-8"?>
<!-- Generated by org.testng.reporters.JUnitReportReporter -->
<testsuite hostname="DESKTOP-NQ1KCMR" failures="0" tests="2" name="testscript.AdminTest" time="7.217" errors="0" timestamp="2025-09-12T12:57:38 IST" skipped="0">
  <testcase classname="testscript.AdminTest" name="verifyUserisabletoAddNewUser" time="4.077"/>
  <testcase classname="testscript.AdminTest" name="verifyUserisabletoSearchNewUser" time="3.140"/>
</testsuite> <!-- testscript.AdminTest -->
