<?xml version="1.0" encoding="UTF-8"?>
<!-- Generated by org.testng.reporters.JUnitReportReporter -->
<testsuite hostname="DESKTOP-NQ1KCMR" failures="0" tests="1" name="testscript.ManageNewsTest" time="4.088" errors="0" timestamp="2025-09-07T08:13:37 IST" skipped="0">
  <testcase classname="testscript.ManageNewsTest" name="verifyUserisabletoSearchNewlyAddedNews" time="4.088"/>
</testsuite> <!-- testscript.ManageNewsTest -->
